<?xml version="1.0" encoding="UTF-8"?>
<!-- Generated by org.testng.reporters.JUnitReportReporter -->
<testsuite hostname="bsa-note.bsa.net.ua" name="TestSection" tests="1" failures="0" timestamp="24 Mar 2014 06:54:39 GMT" time="2.582" errors="0">
  <testcase name="testEmailGenerator" time="2.582" classname="TestSection"/>
</testsuite> <!-- TestSection -->
